<?xml version="1.0" encoding="UTF-8"?>
<!-- Generated by org.testng.reporters.JUnitReportReporter -->
<testsuite hostname="lin76005087" failures="0" tests="2" name="testng.Basic" time="0.007" errors="0" timestamp="21 Jun 2023 07:07:59 GMT">
  <testcase classname="testng.Basic" name="demo" time="0.006"/>
  <testcase classname="testng.Basic" name="test1" time="0.001"/>
</testsuite> <!-- testng.Basic -->
